<?xml version="1.0" encoding="UTF-8"?>
<!-- Generated by org.testng.reporters.JUnitReportReporter -->
<testsuite hostname="DESKTOP-2JV28L1" failures="0" tests="1" name="ecommarceapi.PlaceOrder" time="0.283" errors="0" timestamp="2023-04-18T17:12:15 IST" skipped="0">
  <testcase classname="ecommarceapi.PlaceOrder" name="Placeorder1" time="0.283"/>
  <system-out/>
</testsuite> <!-- ecommarceapi.PlaceOrder -->
