<?xml version="1.0" encoding="UTF-8"?>
<!-- Generated by org.testng.reporters.JUnitReportReporter -->
<testsuite hostname="DESKTOP-2JV28L1" failures="0" tests="1" name="ecommarceapi.AddProduct" time="0.983" errors="0" timestamp="2023-04-18T17:12:15 IST" skipped="0">
  <testcase classname="ecommarceapi.AddProduct" name="AddProduct1" time="0.983"/>
  <system-out/>
</testsuite> <!-- ecommarceapi.AddProduct -->
