<?xml version="1.0" encoding="UTF-8"?>
<!-- Generated by org.testng.reporters.JUnitReportReporter -->
<testsuite hostname="DESKTOP-2JV28L1" failures="0" tests="1" name="ecommarceapi.Login" time="3.160" errors="0" timestamp="2023-04-18T17:12:15 IST" skipped="0">
  <testcase classname="ecommarceapi.Login" name="LoginMethod" time="3.160"/>
  <system-out/>
</testsuite> <!-- ecommarceapi.Login -->
