<?xml version="1.0" encoding="UTF-8"?>
<!-- Generated by org.testng.reporters.JUnitReportReporter -->
<testsuite hostname="DESKTOP-2JV28L1" failures="0" tests="1" name="Basicpractise.GetUsers" time="1.982" errors="0" timestamp="2023-04-13T12:32:48 IST" skipped="0">
  <testcase classname="Basicpractise.GetUsers" name="GetListUsers" time="1.982"/>
  <system-out/>
</testsuite> <!-- Basicpractise.GetUsers -->
